<?xml version="1.0" encoding="UTF-8"?>
<!-- Generated by org.testng.reporters.JUnitReportReporter -->
<testsuite hostname="DESKTOP-BKQF639" failures="0" tests="1" name="testCases.TC002_LoginTest" time="3.144" errors="0" timestamp="2025-07-20T01:39:02 IST" skipped="0">
  <testcase classname="testCases.TC002_LoginTest" name="login" time="3.144"/>
</testsuite> <!-- testCases.TC002_LoginTest -->
